SERVER_HANDSHAKE_TRAFFIC_SECRET 89bf4c389c4eb7eddf762beccc8e134336e7e43e4e39617f45122b150f3c173a 47718478f6b08b98e7d1fe682e8fc09d9221d98a5f3661746cdfdf9bd68b8a98
EXPORTER_SECRET 89bf4c389c4eb7eddf762beccc8e134336e7e43e4e39617f45122b150f3c173a b78fb5fb7104d6748144bf4d2d3bb0721874a6f8251ce29988de4492f4e0fb0a
SERVER_TRAFFIC_SECRET_0 89bf4c389c4eb7eddf762beccc8e134336e7e43e4e39617f45122b150f3c173a 56895ab067c3d97fa57b254acc6ba69f66c51a2c2cc5956fde892de4388b5481
CLIENT_HANDSHAKE_TRAFFIC_SECRET 89bf4c389c4eb7eddf762beccc8e134336e7e43e4e39617f45122b150f3c173a 602ff0f7800a73c8ca3b4a9b7e98f2784323547989183617577cf51039c9c949
CLIENT_TRAFFIC_SECRET_0 89bf4c389c4eb7eddf762beccc8e134336e7e43e4e39617f45122b150f3c173a e1dcda7abf82d025797271fc71359b950c97318127a8d665d301a7f1758c70e2
SERVER_HANDSHAKE_TRAFFIC_SECRET bb4bf5297e042e842761585f680d447cb1c2ef145979af0f668d114a4e078cf6 a82b341e32414ab291deccef658f5ba1e3fb8358bcb1bd2e331b853f35b49697
EXPORTER_SECRET bb4bf5297e042e842761585f680d447cb1c2ef145979af0f668d114a4e078cf6 d8a3c7444e6e6cf6c2d53d7876f102d2c00baf534f1f4039129fef4a8f571e52
SERVER_TRAFFIC_SECRET_0 bb4bf5297e042e842761585f680d447cb1c2ef145979af0f668d114a4e078cf6 8da76ac9a83cbcd66f1c1da0db629ec493f6a1857771ca4bf32c63452f9c63b9
CLIENT_HANDSHAKE_TRAFFIC_SECRET bb4bf5297e042e842761585f680d447cb1c2ef145979af0f668d114a4e078cf6 9d7dbc9270528d55432fef130276189d77942d36435426983c40be18bf0225cd
CLIENT_TRAFFIC_SECRET_0 bb4bf5297e042e842761585f680d447cb1c2ef145979af0f668d114a4e078cf6 c2fb7bd9544b7850eeaf6b2ac8c5e6df56e4c1fd1743d63b5ffa646358a89fab
SERVER_HANDSHAKE_TRAFFIC_SECRET bae39ddb86ba29b4095f47e14f9f51d5c3da1830ec83f57f0a9e234f3825e4ab 78dd6afd366a711bead0f0a4820bce7bafdd3e2434166485791c0794cb46d9ed
EXPORTER_SECRET bae39ddb86ba29b4095f47e14f9f51d5c3da1830ec83f57f0a9e234f3825e4ab 36f21f2c7da71aadc65cf4cf5ca9da4c840c99f277fd72584f3ed917a2350dc5
SERVER_TRAFFIC_SECRET_0 bae39ddb86ba29b4095f47e14f9f51d5c3da1830ec83f57f0a9e234f3825e4ab a8190f4a9f81e5bb753858c2f8b41d77aa0949975a8408425f21e7f87050b5c1
CLIENT_HANDSHAKE_TRAFFIC_SECRET bae39ddb86ba29b4095f47e14f9f51d5c3da1830ec83f57f0a9e234f3825e4ab ac023f42ed9e34c85241acbafdd282bb17c8c9a7aadad98fef33070d64252c82
CLIENT_TRAFFIC_SECRET_0 bae39ddb86ba29b4095f47e14f9f51d5c3da1830ec83f57f0a9e234f3825e4ab 4bcdfe8548924bc161c88236f980b1705b5d668ed6281077ec9970482ed1fd3a
SERVER_HANDSHAKE_TRAFFIC_SECRET 8d841a262ff75bef3ba55fa56a2b55c81b46a736217fb61ece7eb413a68bb9b6 d20074ea366074adbc38ee422f02022d7dd7fe4c0271925eae57b9123e4f2f16
EXPORTER_SECRET 8d841a262ff75bef3ba55fa56a2b55c81b46a736217fb61ece7eb413a68bb9b6 915bd56d476b2c2fbeab25a1e16b487083a353c590f13bf0dec7cd4f1e70a48c
SERVER_TRAFFIC_SECRET_0 8d841a262ff75bef3ba55fa56a2b55c81b46a736217fb61ece7eb413a68bb9b6 3fc62adc2fbd7f2eacab44bfaff9a9d7fee939fb448387e6cf7ead64d64387e4
CLIENT_HANDSHAKE_TRAFFIC_SECRET 8d841a262ff75bef3ba55fa56a2b55c81b46a736217fb61ece7eb413a68bb9b6 473443532996d2f4a88c8f26c9e63e407439bcd47d20cb9cfccebff7ab60c9fe
CLIENT_TRAFFIC_SECRET_0 8d841a262ff75bef3ba55fa56a2b55c81b46a736217fb61ece7eb413a68bb9b6 fd5b3d06145ae42eb9877d7ec9ce9bc570a5f52a9114df1bd44ee9e7aa23f66a
SERVER_HANDSHAKE_TRAFFIC_SECRET 7aa09b07dc712f47f42f1519c0399a64cc643a40e8701169331a03d7b1dd8f73 b9395a350705bd7260ce4a30529fe1289b976b935858b1e14a1f675cbb297c11
EXPORTER_SECRET 7aa09b07dc712f47f42f1519c0399a64cc643a40e8701169331a03d7b1dd8f73 138f8b36ed67eb3adc3b747590a26ee94a984df5d9b5565a7bb657b7d087df7f
SERVER_TRAFFIC_SECRET_0 7aa09b07dc712f47f42f1519c0399a64cc643a40e8701169331a03d7b1dd8f73 d956668a339c6bb2eabc924a7561c5a8dd355ea7c43fd4d1efaad62d097f7128
CLIENT_HANDSHAKE_TRAFFIC_SECRET 7aa09b07dc712f47f42f1519c0399a64cc643a40e8701169331a03d7b1dd8f73 614881f784a83e583931acaff2a38f3ca86185e7d53e5848c9d5dee8581f3a8e
CLIENT_TRAFFIC_SECRET_0 7aa09b07dc712f47f42f1519c0399a64cc643a40e8701169331a03d7b1dd8f73 3f1a18dd60fca233fe2dfa5d960c39336e7063e3d3271b012d5905d043bd2414
SERVER_HANDSHAKE_TRAFFIC_SECRET b09b8581a18e62451190287e6cb7ae26a8843162f06b20383ce8f2a05478a7fe fd5ad37226ab54aceb4d4c74caa7544862d90956ec1b3a0af410135ce6d9afc9
EXPORTER_SECRET b09b8581a18e62451190287e6cb7ae26a8843162f06b20383ce8f2a05478a7fe 4fbbee6f1dcc977af011ca35bec15e875797c932b091105ea84dec2d295e7603
SERVER_TRAFFIC_SECRET_0 b09b8581a18e62451190287e6cb7ae26a8843162f06b20383ce8f2a05478a7fe ebf33f104e1f45b04bee5b5b6b83d25083a32929d359cf8dedba52db0f68fb94
CLIENT_HANDSHAKE_TRAFFIC_SECRET b09b8581a18e62451190287e6cb7ae26a8843162f06b20383ce8f2a05478a7fe 1045fbf2b4dd65f93315b3038e8949935cf47a0da082e391b67993be8a70feec
CLIENT_TRAFFIC_SECRET_0 b09b8581a18e62451190287e6cb7ae26a8843162f06b20383ce8f2a05478a7fe 73c828a494f70fb479b0a0ecbab7e79a52aba3c6c00799cdb87c4847044d578e
SERVER_HANDSHAKE_TRAFFIC_SECRET 79ce029a850795f207b8ebc8d23d822f6c05a1183b7e953ad2791a22abdc378a ab18784967d436c622ef6fb1c32f3f38ee1209ef8473afdda9ee572980d40cee
EXPORTER_SECRET 79ce029a850795f207b8ebc8d23d822f6c05a1183b7e953ad2791a22abdc378a 6094ed93a00aa70c034b2c1757b75951bd6bf648c73e2abe81346355a186d022
SERVER_TRAFFIC_SECRET_0 79ce029a850795f207b8ebc8d23d822f6c05a1183b7e953ad2791a22abdc378a 751e02e8cd55e297bbae43286893ecf9c319709d911ea752e373133da4e2259e
CLIENT_HANDSHAKE_TRAFFIC_SECRET 79ce029a850795f207b8ebc8d23d822f6c05a1183b7e953ad2791a22abdc378a 6889571406f69d7b49cd62e79a1c7b4e09354e6faeba7be69743cd690e569f2b
CLIENT_TRAFFIC_SECRET_0 79ce029a850795f207b8ebc8d23d822f6c05a1183b7e953ad2791a22abdc378a ddc2bc087fd5cc148cdff26faec87ca3e1d955684f87ef798ae3dd6ad4af69b3
SERVER_HANDSHAKE_TRAFFIC_SECRET a45fc5036394c0b4f987bfba4aa5374c5b3d63609110045517966db9b9c3e6a5 604dd9ca92d7c324973c188287eb9561a8ea0fadc081893d21d01b7134e816b4
EXPORTER_SECRET a45fc5036394c0b4f987bfba4aa5374c5b3d63609110045517966db9b9c3e6a5 27d759766c1ef5a44aa14b5a963710040f159a38f38dc2997c9102bb7c6a4a52
SERVER_TRAFFIC_SECRET_0 a45fc5036394c0b4f987bfba4aa5374c5b3d63609110045517966db9b9c3e6a5 aa5a15bee97c631f657802a0f65c60bdb349194b8824a78631a8a8a8367122a4
CLIENT_HANDSHAKE_TRAFFIC_SECRET a45fc5036394c0b4f987bfba4aa5374c5b3d63609110045517966db9b9c3e6a5 a2e069e7235378d59e44cb27b5c9c68b0ed510108481166f2a5d39413653c2c3
CLIENT_TRAFFIC_SECRET_0 a45fc5036394c0b4f987bfba4aa5374c5b3d63609110045517966db9b9c3e6a5 4b05b211aa70775dd9a7cefb6c5bf5f68ab3f7236f85d186a65730f624b6cedf
SERVER_HANDSHAKE_TRAFFIC_SECRET d4f065f53d2ed2ad3c71bdc59d3d89aba1fd3d3a0f61ffcfbf8ed1eb27299ea0 eac5bdb453c5d51cc73afed1f56e43cfa9f9c294ecde5b09eb22a5b9f493d3c9
EXPORTER_SECRET d4f065f53d2ed2ad3c71bdc59d3d89aba1fd3d3a0f61ffcfbf8ed1eb27299ea0 4f58af47ee408029abfd3bf4edf470e53d0ae9018c4148baa13fe154fec23caa
SERVER_TRAFFIC_SECRET_0 d4f065f53d2ed2ad3c71bdc59d3d89aba1fd3d3a0f61ffcfbf8ed1eb27299ea0 34e64384f9dc2eb71d37eb727e37ed0a4cf3dbecea7bc6ac638291d2e4fc36d2
CLIENT_HANDSHAKE_TRAFFIC_SECRET d4f065f53d2ed2ad3c71bdc59d3d89aba1fd3d3a0f61ffcfbf8ed1eb27299ea0 9bda6a0efbf111780cafcbf39da387b9509f77eaa06c188e1d64c69e0c5bbb97
CLIENT_TRAFFIC_SECRET_0 d4f065f53d2ed2ad3c71bdc59d3d89aba1fd3d3a0f61ffcfbf8ed1eb27299ea0 c0559b3528e3efe8503edfbe7a5eb3672432f8e683d8389163a6469df4856edc
SERVER_HANDSHAKE_TRAFFIC_SECRET 35c90faf580a026e0fa1685dc4f4cde0c867af49d3a4826e76540f6e95852f93 610c5d7866fdd0d79eee7bd2d3b5cad55851442d09adbdb4958fae888899cc74
EXPORTER_SECRET 35c90faf580a026e0fa1685dc4f4cde0c867af49d3a4826e76540f6e95852f93 635c5bd3594190d008ee7a7fff9a2356edbe59d62eb7e80d110ca7ef0aa7b55a
SERVER_TRAFFIC_SECRET_0 35c90faf580a026e0fa1685dc4f4cde0c867af49d3a4826e76540f6e95852f93 e6da8658e7e496eeb50771e677d7e4140f42ed6ba20e1ba8b1f509ec043b6b76
CLIENT_HANDSHAKE_TRAFFIC_SECRET 35c90faf580a026e0fa1685dc4f4cde0c867af49d3a4826e76540f6e95852f93 a6b6ba34c3ca20374b4186df44239b4149b3badec6c3fa1bbcce732636bf5ddb
CLIENT_TRAFFIC_SECRET_0 35c90faf580a026e0fa1685dc4f4cde0c867af49d3a4826e76540f6e95852f93 42acb46753b5279f654e5c0a57c3a01f7e2e137bfa53e1071cdaa54206edc0be
SERVER_HANDSHAKE_TRAFFIC_SECRET 7ade5b691b3277a61dc45f1e8f1ee018ac882709bbfc254f7bb324a460e4e431 e06abc5d8b96b61ee77fbe2f376deacc534c14eab4a5bccb894ed2a1d5ce2e3c
EXPORTER_SECRET 7ade5b691b3277a61dc45f1e8f1ee018ac882709bbfc254f7bb324a460e4e431 e1737209f1f5ec78a281c00dcf3b47b9785b978c1bb2cb16d8b516cbc176b353
SERVER_TRAFFIC_SECRET_0 7ade5b691b3277a61dc45f1e8f1ee018ac882709bbfc254f7bb324a460e4e431 a8b2bd1b8a2657f4648a86b133cb3fcbc0aba84e116dd3c8161e8ca1da0b145b
CLIENT_HANDSHAKE_TRAFFIC_SECRET 7ade5b691b3277a61dc45f1e8f1ee018ac882709bbfc254f7bb324a460e4e431 7a2f30a97699e6837a719875fc318e7c9ad33c812d92512410a2328e96632f53
CLIENT_TRAFFIC_SECRET_0 7ade5b691b3277a61dc45f1e8f1ee018ac882709bbfc254f7bb324a460e4e431 fcf93cefd4dc791d855fc1534f63334abb66b87c9eaa014ed8f0de44c368ccc5
SERVER_HANDSHAKE_TRAFFIC_SECRET 1023a1bc220e2df797e378a4902b9423c8e4528df9d8b31fcefe51fcc852c2f1 c5fdc7444de560f74906714dbf95d23027d86085d4f4f9c931b36e134f206bd3
EXPORTER_SECRET 1023a1bc220e2df797e378a4902b9423c8e4528df9d8b31fcefe51fcc852c2f1 1e99fe7685dc5c8df5f94a0121b6008e1937f506bd2464cd3f1e79b5b443db24
SERVER_TRAFFIC_SECRET_0 1023a1bc220e2df797e378a4902b9423c8e4528df9d8b31fcefe51fcc852c2f1 dfe5584ec8169e49ad1115eb00485a9353d8ea4f38c5074dd8881bcd3a270862
CLIENT_HANDSHAKE_TRAFFIC_SECRET 1023a1bc220e2df797e378a4902b9423c8e4528df9d8b31fcefe51fcc852c2f1 303f5961a019f02fd32de4eb99c2524ca365c5abc82fa6f4e7ece9bf6d2c2ad4
CLIENT_TRAFFIC_SECRET_0 1023a1bc220e2df797e378a4902b9423c8e4528df9d8b31fcefe51fcc852c2f1 e4b445face3f50f075a36d237791c61655c36d80e9bcc71bc1a321273bea4c29
